2023-03-30 22:32:51.792 [info] Added views:workbench.panel.markers.view in workbench.panel.markers
2023-03-30 22:32:51.792 [info] Added views:workbench.panel.output in workbench.panel.output
2023-03-30 22:32:51.792 [info] Added views:terminal in terminal
2023-03-30 22:32:51.792 [info] Added views:outline in workbench.view.explorer
2023-03-30 22:32:51.792 [info] Added views:workbench.scm in workbench.view.scm
2023-03-30 22:32:51.792 [info] Added views:workbench.view.search in workbench.view.search
2023-03-30 22:32:51.792 [info] Added views:timeline in workbench.view.explorer
2023-03-30 22:32:51.792 [info] Added views:workbench.explorer.emptyView in workbench.view.explorer
2023-03-30 22:32:51.924 [info] Added views:workbench.debug.variablesView,workbench.debug.watchExpressionsView,workbench.debug.callStackView,workbench.debug.breakPointsView in workbench.view.debug
2023-03-30 22:32:52.211 [info] Added views:jupyterViewVariables in workbench.view.extension.jupyter-variables
2023-03-30 22:32:52.852 [info] Added views:workbench.panel.repl.view in workbench.panel.repl
2023-03-30 22:32:52.853 [info] Removed views:workbench.debug.breakPointsView,workbench.debug.callStackView,workbench.debug.watchExpressionsView,workbench.debug.variablesView from workbench.view.debug
2023-03-30 22:32:52.853 [info] Added views:workbench.debug.welcome in workbench.view.debug
2023-03-30 22:34:48.998 [info] Added views:workbench.views.extensions.installed,workbench.views.extensions.popular,extensions.recommendedList in workbench.view.extensions
2023-03-30 22:34:48.999 [info] Removed views:workbench.views.extensions.popular from workbench.view.extensions
2023-03-30 22:40:32.542 [info] Removed views:extensions.recommendedList,workbench.views.extensions.installed from workbench.view.extensions
2023-03-30 22:40:32.581 [info] Added views:workbench.views.extensions.marketplace in workbench.view.extensions
2023-03-30 22:46:20.734 [info] Added views:workbench.view.testing in workbench.view.extension.test
2023-03-30 22:51:05.523 [info] Removed views:workbench.view.testing from workbench.view.extension.test
2023-03-30 22:51:06.188 [info] Added views:workbench.panel.markers.view in workbench.panel.markers
2023-03-30 22:51:06.188 [info] Added views:workbench.panel.output in workbench.panel.output
2023-03-30 22:51:06.188 [info] Added views:terminal in terminal
2023-03-30 22:51:06.188 [info] Added views:outline in workbench.view.explorer
2023-03-30 22:51:06.188 [info] Added views:workbench.scm in workbench.view.scm
2023-03-30 22:51:06.188 [info] Added views:workbench.view.search in workbench.view.search
2023-03-30 22:51:06.188 [info] Added views:timeline in workbench.view.explorer
2023-03-30 22:51:06.188 [info] Added views:workbench.explorer.fileView in workbench.view.explorer
2023-03-30 22:51:06.254 [info] Added views:workbench.debug.variablesView,workbench.debug.watchExpressionsView,workbench.debug.callStackView,workbench.debug.breakPointsView in workbench.view.debug
2023-03-30 22:51:06.641 [info] Added views:workbench.panel.repl.view in workbench.panel.repl
2023-03-30 22:51:06.642 [info] Removed views:workbench.debug.breakPointsView,workbench.debug.callStackView,workbench.debug.watchExpressionsView,workbench.debug.variablesView from workbench.view.debug
2023-03-30 22:51:06.643 [info] Added views:workbench.debug.welcome in workbench.view.debug
2023-03-30 22:51:50.738 [info] Added views:workbench.views.extensions.installed,workbench.views.extensions.popular,extensions.recommendedList in workbench.view.extensions
2023-03-30 22:51:50.741 [info] Removed views:workbench.views.extensions.popular from workbench.view.extensions
2023-03-30 22:51:53.829 [info] Removed views:extensions.recommendedList,workbench.views.extensions.installed from workbench.view.extensions
2023-03-30 22:51:53.859 [info] Added views:workbench.views.extensions.marketplace in workbench.view.extensions
2023-03-30 22:58:09.017 [info] Added views:jupyterViewVariables in workbench.view.extension.jupyter-variables
2023-03-30 22:58:09.311 [info] Added views:workbench.view.testing in workbench.view.extension.test
2023-04-01 14:57:03.484 [info] Removed views:workbench.view.testing from workbench.view.extension.test
2023-04-01 14:57:04.254 [info] Added views:workbench.panel.markers.view in workbench.panel.markers
2023-04-01 14:57:04.254 [info] Added views:workbench.panel.output in workbench.panel.output
2023-04-01 14:57:04.254 [info] Added views:terminal in terminal
2023-04-01 14:57:04.254 [info] Added views:outline in workbench.view.explorer
2023-04-01 14:57:04.254 [info] Added views:workbench.scm in workbench.view.scm
2023-04-01 14:57:04.254 [info] Added views:workbench.view.search in workbench.view.search
2023-04-01 14:57:04.254 [info] Added views:timeline in workbench.view.explorer
2023-04-01 14:57:04.254 [info] Added views:workbench.explorer.fileView in workbench.view.explorer
2023-04-01 14:57:04.386 [info] Added views:workbench.debug.variablesView,workbench.debug.watchExpressionsView,workbench.debug.callStackView,workbench.debug.breakPointsView in workbench.view.debug
2023-04-01 14:57:04.763 [info] Added views:workbench.panel.repl.view in workbench.panel.repl
2023-04-01 14:57:04.764 [info] Removed views:workbench.debug.breakPointsView,workbench.debug.callStackView,workbench.debug.watchExpressionsView,workbench.debug.variablesView from workbench.view.debug
2023-04-01 14:57:04.764 [info] Added views:workbench.debug.welcome in workbench.view.debug
2023-04-01 20:29:41.775 [info] Added views:workbench.panel.markers.view in workbench.panel.markers
2023-04-01 20:29:41.775 [info] Added views:workbench.panel.output in workbench.panel.output
2023-04-01 20:29:41.775 [info] Added views:terminal in terminal
2023-04-01 20:29:41.775 [info] Added views:outline in workbench.view.explorer
2023-04-01 20:29:41.775 [info] Added views:workbench.scm in workbench.view.scm
2023-04-01 20:29:41.775 [info] Added views:workbench.view.search in workbench.view.search
2023-04-01 20:29:41.775 [info] Added views:timeline in workbench.view.explorer
2023-04-01 20:29:41.775 [info] Added views:workbench.debug.welcome in workbench.view.debug
2023-04-01 20:29:41.775 [info] Added views:workbench.explorer.fileView in workbench.view.explorer
2023-04-01 20:29:42.147 [info] Added views:workbench.panel.repl.view in workbench.panel.repl
2023-04-01 20:29:42.778 [info] Added views:jupyterViewVariables in workbench.view.extension.jupyter-variables
2023-04-01 20:29:42.857 [info] Added views:workbench.view.testing in workbench.view.extension.test
2023-04-02 01:08:29.561 [info] Added views:workbench.views.extensions.installed,workbench.views.extensions.popular,extensions.recommendedList in workbench.view.extensions
2023-04-02 01:08:29.567 [info] Removed views:workbench.views.extensions.popular from workbench.view.extensions
2023-04-02 01:08:30.127 [info] Removed views:extensions.recommendedList,workbench.views.extensions.installed from workbench.view.extensions
2023-04-02 01:08:30.156 [info] Added views:workbench.views.extensions.marketplace in workbench.view.extensions
