Telemetry level is off
Experiments are disabled, only manually opted experiments are active.
LSP Notebooks experiment is disabled -- not using Pylance
LSP Notebooks interactive window support is disabled -- not in LSP Notebooks experiment
> conda info --json
Python interpreter path: ~/.pyenv/versions/3.10.1/bin/python
> ~/.pyenv/versions/3.10.1/bin/python -I ~/.vscode-oss/extensions/ms-python.python-2023.4.1-universal/pythonFiles/get_output_via_markers.py ~/.vscode-oss/extensions/ms-python.python-2023.4.1-universal/pythonFiles/interpreterInfo.py
> ~/.pyenv/versions/3.8.7/bin/python -I ~/.vscode-oss/extensions/ms-python.python-2023.4.1-universal/pythonFiles/get_output_via_markers.py ~/.vscode-oss/extensions/ms-python.python-2023.4.1-universal/pythonFiles/interpreterInfo.py
> ~/.pyenv/versions/3.9.2/bin/python -I ~/.vscode-oss/extensions/ms-python.python-2023.4.1-universal/pythonFiles/get_output_via_markers.py ~/.vscode-oss/extensions/ms-python.python-2023.4.1-universal/pythonFiles/interpreterInfo.py
> /bin/python -I ~/.vscode-oss/extensions/ms-python.python-2023.4.1-universal/pythonFiles/get_output_via_markers.py ~/.vscode-oss/extensions/ms-python.python-2023.4.1-universal/pythonFiles/interpreterInfo.py
> /sbin/python -I ~/.vscode-oss/extensions/ms-python.python-2023.4.1-universal/pythonFiles/get_output_via_markers.py ~/.vscode-oss/extensions/ms-python.python-2023.4.1-universal/pythonFiles/interpreterInfo.py
> /usr/bin/python -I ~/.vscode-oss/extensions/ms-python.python-2023.4.1-universal/pythonFiles/get_output_via_markers.py ~/.vscode-oss/extensions/ms-python.python-2023.4.1-universal/pythonFiles/interpreterInfo.py
> /usr/sbin/python -I ~/.vscode-oss/extensions/ms-python.python-2023.4.1-universal/pythonFiles/get_output_via_markers.py ~/.vscode-oss/extensions/ms-python.python-2023.4.1-universal/pythonFiles/interpreterInfo.py
Starting Jedi language server for default.
Send text to terminal: pyenv shell 3.10.1
Send text to terminal: pyenv shell 3.10.1
Send text to terminal: pyenv shell 3.10.1
Send text to terminal: /home/dmmt/.pyenv/versions/3.10.1/bin/python /home/dmmt/Software_Devlopment/Internal/prototypes/drophi/__main__.py
Send text to terminal: /home/dmmt/.pyenv/versions/3.10.1/bin/python /home/dmmt/Software_Devlopment/Internal/prototypes/drophi/__main__.py
Send text to terminal: /home/dmmt/.pyenv/versions/3.10.1/bin/python /home/dmmt/Software_Devlopment/Internal/prototypes/drophi/__main__.py
Send text to terminal: /home/dmmt/.pyenv/versions/3.10.1/bin/python /home/dmmt/Software_Devlopment/Internal/prototypes/drophi/__main__.py
Send text to terminal: /home/dmmt/.pyenv/versions/3.10.1/bin/python /home/dmmt/Software_Devlopment/Internal/prototypes/drophi/__main__.py
Send text to terminal: /home/dmmt/.pyenv/versions/3.10.1/bin/python /home/dmmt/Software_Devlopment/Internal/prototypes/drophi/__main__.py
Send text to terminal: /home/dmmt/.pyenv/versions/3.10.1/bin/python /home/dmmt/Software_Devlopment/Internal/prototypes/drophi/__main__.py
Send text to terminal: /home/dmmt/.pyenv/versions/3.10.1/bin/python /home/dmmt/Software_Devlopment/Internal/prototypes/drophi/__main__.py
Send text to terminal: /home/dmmt/.pyenv/versions/3.10.1/bin/python /home/dmmt/Software_Devlopment/Internal/prototypes/drophi/__main__.py
Send text to terminal: /home/dmmt/.pyenv/versions/3.10.1/bin/python /home/dmmt/Software_Devlopment/Internal/prototypes/drophi/__main__.py
Send text to terminal: /home/dmmt/.pyenv/versions/3.10.1/bin/python /home/dmmt/Software_Devlopment/Internal/prototypes/drophi/__main__.py
Send text to terminal: /home/dmmt/.pyenv/versions/3.10.1/bin/python /home/dmmt/Software_Devlopment/Internal/prototypes/drophi/__main__.py
Send text to terminal: pyenv shell 3.10.1
Send text to terminal: /home/dmmt/.pyenv/versions/3.10.1/bin/python /home/dmmt/Software_Devlopment/Internal/prototypes/drophi/__main__.py
Send text to terminal: /home/dmmt/.pyenv/versions/3.10.1/bin/python /home/dmmt/Software_Devlopment/Internal/prototypes/drophi/__main__.py
Send text to terminal: /home/dmmt/.pyenv/versions/3.10.1/bin/python /home/dmmt/Software_Devlopment/Internal/prototypes/drophi/__main__.py
Send text to terminal: /home/dmmt/.pyenv/versions/3.10.1/bin/python /home/dmmt/Software_Devlopment/Internal/prototypes/drophi/__main__.py
