[Trace 17:36:47.066] VsCodeClientWorkspace: TextDocument.onDidOpen: file:///home/dmmt/Software_Devlopment/Internal/prototypes/drophi/README.MD
[Trace 17:36:47.067] VsCodeClientWorkspace: TextDocument.onDidChanceContent: file:///home/dmmt/Software_Devlopment/Internal/prototypes/drophi/README.MD
[Trace 17:36:47.068] Server: connection.languages.diagnostics.on: file:///home/dmmt/Software_Devlopment/Internal/prototypes/drophi/README.MD
[Trace 17:36:47.068] Server: connection.languages.diagnostics.on: file:///home/dmmt/Software_Devlopment/Internal/prototypes/drophi/README.MD
[Trace 17:36:47.117] DocumentSymbolProvider: provideDocumentSymbols — file:///home/dmmt/Software_Devlopment/Internal/prototypes/drophi/README.MD 1
[Debug 17:36:47.118] LinkProvider: compute - file:///home/dmmt/Software_Devlopment/Internal/prototypes/drophi/README.MD
[Debug 17:36:47.160] TableOfContentsProvider: create - file:///home/dmmt/Software_Devlopment/Internal/prototypes/drophi/README.MD
[Debug 17:36:47.288] MdFoldingProvider: provideFoldingRanges — file:///home/dmmt/Software_Devlopment/Internal/prototypes/drophi/README.MD 1
[Trace 17:37:07.007] Server: connection.languages.diagnostics.on: file:///home/dmmt/Software_Devlopment/Internal/prototypes/drophi/README.MD
[Trace 19:07:08.216] Server: connection.languages.diagnostics.on: file:///home/dmmt/Software_Devlopment/Internal/prototypes/drophi/README.MD
[Debug 19:07:08.391] MdFoldingProvider: provideFoldingRanges — file:///home/dmmt/Software_Devlopment/Internal/prototypes/drophi/README.MD 1
[Trace 19:07:11.128] VsCodeClientWorkspace: TextDocument.onDidClose: file:///home/dmmt/Software_Devlopment/Internal/prototypes/drophi/README.MD
[Trace 19:07:11.128] VsCodeClientWorkspace: deleteDocument: file:///home/dmmt/Software_Devlopment/Internal/prototypes/drophi/README.MD
[Trace 19:07:24.740] Server: connection.languages.diagnostics.on: file:///home/dmmt/Software_Devlopment/Internal/prototypes/drophi/README.MD
[Trace 19:07:24.768] VsCodeClientWorkspace: TextDocument.onDidOpen: file:///home/dmmt/Software_Devlopment/Internal/prototypes/drophi/README.MD
[Trace 19:07:24.768] VsCodeClientWorkspace: TextDocument.onDidChanceContent: file:///home/dmmt/Software_Devlopment/Internal/prototypes/drophi/README.MD
[Trace 19:07:24.769] Server: connection.languages.diagnostics.on: file:///home/dmmt/Software_Devlopment/Internal/prototypes/drophi/README.MD
[Trace 19:07:24.769] DocumentSymbolProvider: provideDocumentSymbols — file:///home/dmmt/Software_Devlopment/Internal/prototypes/drophi/README.MD 1
[Debug 19:07:24.769] LinkProvider: compute - file:///home/dmmt/Software_Devlopment/Internal/prototypes/drophi/README.MD
[Trace 19:07:24.771] Server: connection.languages.diagnostics.on: file:///home/dmmt/Software_Devlopment/Internal/prototypes/drophi/README.MD
[Debug 19:07:24.773] TableOfContentsProvider: create - file:///home/dmmt/Software_Devlopment/Internal/prototypes/drophi/README.MD
[Debug 19:07:24.949] MdFoldingProvider: provideFoldingRanges — file:///home/dmmt/Software_Devlopment/Internal/prototypes/drophi/README.MD 1
[Trace 19:07:27.773] VsCodeClientWorkspace: TextDocument.onDidChanceContent: file:///home/dmmt/Software_Devlopment/Internal/prototypes/drophi/README.MD
[Trace 19:07:27.773] Server: connection.languages.diagnostics.on: file:///home/dmmt/Software_Devlopment/Internal/prototypes/drophi/README.MD
[Debug 19:07:27.953] MdFoldingProvider: provideFoldingRanges — file:///home/dmmt/Software_Devlopment/Internal/prototypes/drophi/README.MD 2
[Debug 19:07:27.953] TableOfContentsProvider: create - file:///home/dmmt/Software_Devlopment/Internal/prototypes/drophi/README.MD
[Debug 19:07:28.005] LinkProvider: compute - file:///home/dmmt/Software_Devlopment/Internal/prototypes/drophi/README.MD
[Trace 19:07:28.103] DocumentSymbolProvider: provideDocumentSymbols — file:///home/dmmt/Software_Devlopment/Internal/prototypes/drophi/README.MD 2
[Trace 19:07:29.537] VsCodeClientWorkspace: TextDocument.onDidChanceContent: file:///home/dmmt/Software_Devlopment/Internal/prototypes/drophi/README.MD
[Trace 19:07:29.537] Server: connection.languages.diagnostics.on: file:///home/dmmt/Software_Devlopment/Internal/prototypes/drophi/README.MD
[Debug 19:07:29.732] MdFoldingProvider: provideFoldingRanges — file:///home/dmmt/Software_Devlopment/Internal/prototypes/drophi/README.MD 3
[Debug 19:07:29.733] TableOfContentsProvider: create - file:///home/dmmt/Software_Devlopment/Internal/prototypes/drophi/README.MD
[Debug 19:07:29.783] LinkProvider: compute - file:///home/dmmt/Software_Devlopment/Internal/prototypes/drophi/README.MD
[Trace 19:07:29.884] DocumentSymbolProvider: provideDocumentSymbols — file:///home/dmmt/Software_Devlopment/Internal/prototypes/drophi/README.MD 3
[Trace 19:07:30.582] VsCodeClientWorkspace: TextDocument.onDidChanceContent: file:///home/dmmt/Software_Devlopment/Internal/prototypes/drophi/README.MD
[Trace 19:07:30.582] Server: connection.languages.diagnostics.on: file:///home/dmmt/Software_Devlopment/Internal/prototypes/drophi/README.MD
[Debug 19:07:30.779] MdFoldingProvider: provideFoldingRanges — file:///home/dmmt/Software_Devlopment/Internal/prototypes/drophi/README.MD 4
[Debug 19:07:30.779] TableOfContentsProvider: create - file:///home/dmmt/Software_Devlopment/Internal/prototypes/drophi/README.MD
[Trace 19:07:30.791] VsCodeClientWorkspace: TextDocument.onDidChanceContent: file:///home/dmmt/Software_Devlopment/Internal/prototypes/drophi/README.MD
[Trace 19:07:30.791] Server: connection.languages.diagnostics.on: file:///home/dmmt/Software_Devlopment/Internal/prototypes/drophi/README.MD
[Debug 19:07:30.991] MdFoldingProvider: provideFoldingRanges — file:///home/dmmt/Software_Devlopment/Internal/prototypes/drophi/README.MD 5
[Debug 19:07:30.992] TableOfContentsProvider: create - file:///home/dmmt/Software_Devlopment/Internal/prototypes/drophi/README.MD
[Trace 19:07:31.142] DocumentSymbolProvider: provideDocumentSymbols — file:///home/dmmt/Software_Devlopment/Internal/prototypes/drophi/README.MD 5
[Debug 19:07:31.142] LinkProvider: compute - file:///home/dmmt/Software_Devlopment/Internal/prototypes/drophi/README.MD
[Trace 19:09:35.813] Server: connection.languages.diagnostics.on: file:///home/dmmt/Software_Devlopment/Internal/prototypes/drophi/README.MD
[Trace 19:20:12.323] Server: connection.languages.diagnostics.on: file:///home/dmmt/Software_Devlopment/Internal/prototypes/drophi/README.MD
[Debug 19:20:12.489] MdFoldingProvider: provideFoldingRanges — file:///home/dmmt/Software_Devlopment/Internal/prototypes/drophi/README.MD 5
[Trace 19:20:23.163] Server: connection.languages.diagnostics.on: file:///home/dmmt/Software_Devlopment/Internal/prototypes/drophi/README.MD
[Trace 19:24:48.506] Server: connection.languages.diagnostics.on: file:///home/dmmt/Software_Devlopment/Internal/prototypes/drophi/README.MD
[Debug 19:24:48.692] MdFoldingProvider: provideFoldingRanges — file:///home/dmmt/Software_Devlopment/Internal/prototypes/drophi/README.MD 5
[Trace 19:35:13.085] Server: connection.languages.diagnostics.on: file:///home/dmmt/Software_Devlopment/Internal/prototypes/drophi/README.MD
[Trace 19:35:41.898] Server: connection.languages.diagnostics.on: file:///home/dmmt/Software_Devlopment/Internal/prototypes/drophi/README.MD
[Debug 19:35:42.079] MdFoldingProvider: provideFoldingRanges — file:///home/dmmt/Software_Devlopment/Internal/prototypes/drophi/README.MD 5
[Trace 19:36:22.151] Server: connection.languages.diagnostics.on: file:///home/dmmt/Software_Devlopment/Internal/prototypes/drophi/README.MD
[Trace 20:05:31.394] Server: connection.languages.diagnostics.on: file:///home/dmmt/Software_Devlopment/Internal/prototypes/drophi/README.MD
[Debug 20:05:31.577] MdFoldingProvider: provideFoldingRanges — file:///home/dmmt/Software_Devlopment/Internal/prototypes/drophi/README.MD 5
[Trace 20:05:34.162] Server: connection.languages.diagnostics.on: file:///home/dmmt/Software_Devlopment/Internal/prototypes/drophi/README.MD
[Trace 20:07:03.515] Server: connection.languages.diagnostics.on: file:///home/dmmt/Software_Devlopment/Internal/prototypes/drophi/README.MD
[Debug 20:07:03.694] MdFoldingProvider: provideFoldingRanges — file:///home/dmmt/Software_Devlopment/Internal/prototypes/drophi/README.MD 5
[Trace 20:07:04.577] Server: connection.languages.diagnostics.on: file:///home/dmmt/Software_Devlopment/Internal/prototypes/drophi/README.MD
[Trace 22:22:27.581] VsCodeClientWorkspace: TextDocument.onDidOpen: vscode-notebook-cell:/Interactive-1.interactive#W0sdnNjb2RlLWludGVyYWN0aXZl
[Trace 22:22:27.582] VsCodeClientWorkspace: TextDocument.onDidChanceContent: vscode-notebook-cell:/Interactive-1.interactive#W0sdnNjb2RlLWludGVyYWN0aXZl
[Trace 22:22:39.554] VsCodeClientWorkspace: TextDocument.onDidClose: vscode-notebook-cell:/Interactive-1.interactive#W0sdnNjb2RlLWludGVyYWN0aXZl
[Trace 22:22:39.554] VsCodeClientWorkspace: deleteDocument: vscode-notebook-cell:/Interactive-1.interactive#W0sdnNjb2RlLWludGVyYWN0aXZl
