2023-04-02 12:11:34.050 [info] Extension host with pid 1704 started
2023-04-02 12:11:34.051 [info] Skipping acquiring lock for /home/dmmt/.config/VSCodium/User/workspaceStorage/6f29de20c5fafe09a8a0c18d10f3e76c.
2023-04-02 12:11:34.081 [info] ExtensionService#_doActivateExtension vscode.ipynb, startup: false, activationEvent: 'onNotebookSerializer:jupyter-notebook'
2023-04-02 12:11:34.081 [info] ExtensionService#_doActivateExtension vscode.emmet, startup: false, activationEvent: 'onLanguage'
2023-04-02 12:11:34.081 [info] ExtensionService#_doActivateExtension vscode.git-base, startup: true, activationEvent: '*', root cause: vscode.git
2023-04-02 12:11:34.082 [info] ExtensionService#_doActivateExtension LaurentTreguier.vscode-simple-icons, startup: true, activationEvent: '*'
2023-04-02 12:11:34.107 [info] ExtensionService#_doActivateExtension vscode.git, startup: true, activationEvent: '*'
2023-04-02 12:11:34.107 [info] ExtensionService#_doActivateExtension vscode.github, startup: true, activationEvent: '*'
2023-04-02 12:11:34.212 [info] Eager extensions activated
2023-04-02 12:11:34.214 [info] ExtensionService#_doActivateExtension ms-toolsai.jupyter, startup: false, activationEvent: 'onNotebook:jupyter-notebook'
2023-04-02 12:11:34.214 [info] ExtensionService#_doActivateExtension ms-toolsai.jupyter-renderers, startup: false, activationEvent: 'onNotebook:*'
2023-04-02 12:11:34.214 [info] ExtensionService#_doActivateExtension vscode.debug-auto-launch, startup: false, activationEvent: 'onStartupFinished'
2023-04-02 12:11:34.214 [info] ExtensionService#_doActivateExtension vscode.merge-conflict, startup: false, activationEvent: 'onStartupFinished'
2023-04-02 12:11:34.214 [info] ExtensionService#_doActivateExtension dbaeumer.vscode-eslint, startup: false, activationEvent: 'onStartupFinished'
2023-04-02 12:11:34.214 [info] ExtensionService#_doActivateExtension ritwickdey.LiveServer, startup: false, activationEvent: 'onStartupFinished'
2023-04-02 12:11:34.694 [info] ExtensionService#_doActivateExtension ms-python.python, startup: false, activationEvent: 'api', root cause: ms-toolsai.jupyter
2023-04-02 12:36:46.853 [info] ExtensionService#_doActivateExtension vscode.extension-editing, startup: false, activationEvent: 'onLanguage:markdown'
2023-04-02 12:36:46.853 [info] ExtensionService#_doActivateExtension vscode.markdown-language-features, startup: false, activationEvent: 'onLanguage:markdown'
2023-04-02 12:36:46.853 [info] ExtensionService#_doActivateExtension zaaack.markdown-editor, startup: false, activationEvent: 'onLanguage:markdown'
2023-04-02 12:36:47.141 [info] ExtensionService#_doActivateExtension vscode.markdown-math, startup: false, activationEvent: 'api', root cause: vscode.markdown-language-features
2023-04-02 14:06:53.074 [info] ExtensionService#_doActivateExtension vscode.configuration-editing, startup: false, activationEvent: 'onLanguage:jsonc'
2023-04-02 14:06:53.074 [info] ExtensionService#_doActivateExtension vscode.json-language-features, startup: false, activationEvent: 'onLanguage:jsonc'
2023-04-02 14:06:53.074 [info] ExtensionService#_doActivateExtension vscode.typescript-language-features, startup: false, activationEvent: 'onLanguage:jsonc'
2023-04-02 14:07:42.514 [info] ExtensionService#_doActivateExtension vscode.npm, startup: false, activationEvent: 'onTerminalQuickFixRequest:ms-vscode.npm-command'
2023-04-02 17:37:05.942 [info] Extension host terminating: received terminate message from renderer
2023-04-02 17:37:05.964 [error] Canceled: Canceled
	at new l (/opt/vscodium-bin/resources/app/out/vs/workbench/api/node/extensionHostProcess.js:96:93459)
	at a._remoteCall (/opt/vscodium-bin/resources/app/out/vs/workbench/api/node/extensionHostProcess.js:106:13753)
	at H.<computed>.X.charCodeAt.H.<computed> (/opt/vscodium-bin/resources/app/out/vs/workbench/api/node/extensionHostProcess.js:106:10308)
	at c._doExecuteCommand (/opt/vscodium-bin/resources/app/out/vs/workbench/api/node/extensionHostProcess.js:96:113673)
	at c.executeCommand (/opt/vscodium-bin/resources/app/out/vs/workbench/api/node/extensionHostProcess.js:96:112984)
	at O.registerCommand.description (/opt/vscodium-bin/resources/app/out/vs/workbench/api/node/extensionHostProcess.js:96:112211)
	at c._executeContributedCommand (/opt/vscodium-bin/resources/app/out/vs/workbench/api/node/extensionHostProcess.js:96:114308)
	at c._doExecuteCommand (/opt/vscodium-bin/resources/app/out/vs/workbench/api/node/extensionHostProcess.js:96:113124)
	at c.executeCommand (/opt/vscodium-bin/resources/app/out/vs/workbench/api/node/extensionHostProcess.js:96:112984)
	at Object.executeCommand (/opt/vscodium-bin/resources/app/out/vs/workbench/api/node/extensionHostProcess.js:117:33767)
	at D (/opt/vscodium-bin/resources/app/extensions/git/dist/main.js:2:1467076)
	at f.invoke (/opt/vscodium-bin/resources/app/out/vs/workbench/api/node/extensionHostProcess.js:63:145)
	at m.deliver (/opt/vscodium-bin/resources/app/out/vs/workbench/api/node/extensionHostProcess.js:63:2603)
	at d.fire (/opt/vscodium-bin/resources/app/out/vs/workbench/api/node/extensionHostProcess.js:63:2181)
	at Object.m [as dispose] (/opt/vscodium-bin/resources/app/extensions/git/dist/main.js:2:1481805)
	at /opt/vscodium-bin/resources/app/extensions/git/dist/main.js:2:1485872
	at Array.forEach (<anonymous>)
	at g.dispose (/opt/vscodium-bin/resources/app/extensions/git/dist/main.js:2:1485858)
	at D.<anonymous> (/opt/vscodium-bin/resources/app/out/vs/workbench/api/node/extensionHostProcess.js:94:13686)
	at D.dispose (/opt/vscodium-bin/resources/app/out/vs/workbench/api/node/extensionHostProcess.js:94:13821)
	at D.<anonymous> (/opt/vscodium-bin/resources/app/extensions/git/dist/main.js:2:1469206)
	at D.dispose (/opt/vscodium-bin/resources/app/out/vs/workbench/api/node/extensionHostProcess.js:94:13821)
	at I (/opt/vscodium-bin/resources/app/out/vs/workbench/api/node/extensionHostProcess.js:10:12142)
	at f._deactivate (/opt/vscodium-bin/resources/app/out/vs/workbench/api/node/extensionHostProcess.js:108:13240)
	at /opt/vscodium-bin/resources/app/out/vs/workbench/api/node/extensionHostProcess.js:108:10423
	at Array.map (<anonymous>)
	at f._deactivateAll (/opt/vscodium-bin/resources/app/out/vs/workbench/api/node/extensionHostProcess.js:108:10410)
	at f.terminate (/opt/vscodium-bin/resources/app/out/vs/workbench/api/node/extensionHostProcess.js:108:10793)
	at u.terminate (/opt/vscodium-bin/resources/app/out/vs/workbench/api/node/extensionHostProcess.js:112:1565)
	at p (/opt/vscodium-bin/resources/app/out/vs/workbench/api/node/extensionHostProcess.js:122:19815)
	at /opt/vscodium-bin/resources/app/out/vs/workbench/api/node/extensionHostProcess.js:122:17705
	at f.invoke (/opt/vscodium-bin/resources/app/out/vs/workbench/api/node/extensionHostProcess.js:63:145)
	at m.deliver (/opt/vscodium-bin/resources/app/out/vs/workbench/api/node/extensionHostProcess.js:63:2603)
	at d.fire (/opt/vscodium-bin/resources/app/out/vs/workbench/api/node/extensionHostProcess.js:63:2181)
	at p.fire (/opt/vscodium-bin/resources/app/out/vs/workbench/api/node/extensionHostProcess.js:72:17112)
	at t._receiveMessage (/opt/vscodium-bin/resources/app/out/vs/workbench/api/node/extensionHostProcess.js:72:23608)
	at /opt/vscodium-bin/resources/app/out/vs/workbench/api/node/extensionHostProcess.js:72:20047
	at f.invoke (/opt/vscodium-bin/resources/app/out/vs/workbench/api/node/extensionHostProcess.js:63:145)
	at m.deliver (/opt/vscodium-bin/resources/app/out/vs/workbench/api/node/extensionHostProcess.js:63:2603)
	at d.fire (/opt/vscodium-bin/resources/app/out/vs/workbench/api/node/extensionHostProcess.js:63:2181)
	at u.acceptChunk (/opt/vscodium-bin/resources/app/out/vs/workbench/api/node/extensionHostProcess.js:72:13936)
	at /opt/vscodium-bin/resources/app/out/vs/workbench/api/node/extensionHostProcess.js:72:13066
	at Socket.t (/opt/vscodium-bin/resources/app/out/vs/workbench/api/node/extensionHostProcess.js:72:28802)
	at Socket.emit (node:events:526:28)
	at addChunk (node:internal/streams/readable:315:12)
	at readableAddChunk (node:internal/streams/readable:289:9)
	at Readable.push (node:internal/streams/readable:228:10)
	at Pipe.onStreamRead (node:internal/stream_base_commons:190:23) setContext undefined
2023-04-02 17:37:05.964 [error] Error: The kernel died. Error: /home/dmmt/.pyenv/versions/3.10.1/bin/python: No module named ipykernel_launcher... View Jupyter [log](command:jupyter.viewOutput) for further details.
	at ChildProcess.<anonymous> (/home/dmmt/.vscode-oss/extensions/ms-toolsai.jupyter-2023.3.100-universal/out/extension.node.js:17:58297)
	at ChildProcess.emit (node:events:538:35)
	at ChildProcess._handle.onexit (node:internal/child_process:291:12)
2023-04-02 17:37:05.967 [info] Extension host with pid 1704 exiting with code 0
