2023-03-30 22:32:52.301 [info] Starting worker process with pid 10260 (type: fileWatcher, window: 1).
2023-03-30 22:32:52.584 [info] Deleted from disk golang.go /home/dmmt/.vscode-oss/extensions/golang.go-0.37.1-universal
2023-03-30 22:32:52.585 [info] Deleted from disk ms-toolsai.jupyter-keymap /home/dmmt/.vscode-oss/extensions/ms-toolsai.jupyter-keymap-1.0.0
2023-03-30 22:32:52.586 [info] Deleted from disk dbaeumer.vscode-eslint /home/dmmt/.vscode-oss/extensions/dbaeumer.vscode-eslint-2.2.6-universal
2023-03-30 22:32:52.587 [info] Deleted from disk ddiu8081.moegi-theme /home/dmmt/.vscode-oss/extensions/ddiu8081.moegi-theme-0.4.7-universal
2023-03-30 22:32:52.645 [info] Deleted from disk ms-python.python /home/dmmt/.vscode-oss/extensions/ms-python.python-2022.20.2-universal
2023-03-30 22:32:55.999 [info] Getting Manifest... ms-python.python
2023-03-30 22:32:56.002 [info] Getting Manifest... ms-toolsai.jupyter
2023-03-30 22:32:56.003 [info] Getting Manifest... ms-toolsai.jupyter-renderers
2023-03-30 22:32:56.930 [info] Installing extension: ms-toolsai.jupyter-renderers
2023-03-30 22:32:57.136 [info] Installing extension: ms-python.python
2023-03-30 22:32:57.137 [info] Installing extension: ms-toolsai.jupyter
2023-03-30 22:32:58.956 [info] Extracted extension to /home/dmmt/.vscode-oss/extensions/.3621c878-8d17-4eb0-9dfc-b5ae92b62741: ms-toolsai.jupyter-renderers
2023-03-30 22:32:58.964 [info] Renamed to /home/dmmt/.vscode-oss/extensions/ms-toolsai.jupyter-renderers-1.0.15-universal
2023-03-30 22:32:58.965 [info] Extracting extension completed. ms-toolsai.jupyter-renderers
2023-03-30 22:32:58.970 [info] Extension installed successfully: ms-toolsai.jupyter-renderers
2023-03-30 22:32:58.971 [info] Marked extension as uninstalled ms-toolsai.jupyter-renderers-1.0.12-universal
2023-03-30 22:32:59.191 [info] Extracted extension to /home/dmmt/.vscode-oss/extensions/.92f3ea46-1857-44fe-98b0-446987f8f57e: ms-toolsai.jupyter
2023-03-30 22:32:59.200 [info] Renamed to /home/dmmt/.vscode-oss/extensions/ms-toolsai.jupyter-2023.3.100-universal
2023-03-30 22:32:59.203 [info] Extracting extension completed. ms-toolsai.jupyter
2023-03-30 22:32:59.209 [info] Extension installed successfully: ms-toolsai.jupyter
2023-03-30 22:32:59.213 [info] Marked extension as uninstalled ms-toolsai.jupyter-2022.10.110-universal
2023-03-30 22:33:01.830 [info] Extracted extension to /home/dmmt/.vscode-oss/extensions/.dc490510-d6cb-4724-9869-060ab1469d71: ms-python.python
2023-03-30 22:33:01.841 [info] Renamed to /home/dmmt/.vscode-oss/extensions/ms-python.python-2023.4.1-universal
2023-03-30 22:33:01.843 [info] Extracting extension completed. ms-python.python
2023-03-30 22:33:01.848 [info] Extension installed successfully: ms-python.python
2023-03-30 22:33:01.850 [info] Marked extension as uninstalled ms-python.python-2023.4.0-universal
2023-03-30 22:51:05.534 [info] Worker process with pid 10260 terminated normally (type: fileWatcher, window: 1).
2023-03-30 22:51:06.229 [info] Starting worker process with pid 11068 (type: fileWatcher, window: 1).
2023-03-30 22:52:29.840 [info] Getting Manifest... laurenttreguier.vscode-simple-icons
2023-03-30 22:52:29.985 [info] Installing extension: laurenttreguier.vscode-simple-icons
2023-03-30 22:52:30.802 [info] Extracted extension to /home/dmmt/.vscode-oss/extensions/.a6ff8ba8-071b-4c02-b750-2099fee77903: laurenttreguier.vscode-simple-icons
2023-03-30 22:52:30.810 [info] Renamed to /home/dmmt/.vscode-oss/extensions/laurenttreguier.vscode-simple-icons-1.16.0-universal
2023-03-30 22:52:30.811 [info] Extracting extension completed. laurenttreguier.vscode-simple-icons
2023-03-30 22:52:30.815 [info] Extension installed successfully: laurenttreguier.vscode-simple-icons
2023-03-30 22:54:57.714 [info] Getting Manifest... teabyii.ayu
2023-03-30 22:54:57.849 [info] Installing extension: teabyii.ayu
2023-03-30 22:54:58.273 [info] Extracted extension to /home/dmmt/.vscode-oss/extensions/.79d9540c-2f57-48a6-8ec3-7fa2041d9d9c: teabyii.ayu
2023-03-30 22:54:58.274 [info] Renamed to /home/dmmt/.vscode-oss/extensions/teabyii.ayu-1.0.3-universal
2023-03-30 22:54:58.275 [info] Extracting extension completed. teabyii.ayu
2023-03-30 22:54:58.279 [info] Extension installed successfully: teabyii.ayu
2023-04-01 14:15:14.194 [warning] No ptyHost heartbeat after 6 seconds
2023-04-01 14:57:03.500 [info] Worker process with pid 11068 terminated normally (type: fileWatcher, window: 1).
2023-04-01 14:57:04.303 [info] Starting worker process with pid 23409 (type: fileWatcher, window: 1).
2023-04-01 20:29:40.996 [info] Worker process with pid 23409 terminated normally (type: fileWatcher, window: 1).
2023-04-01 20:29:42.777 [info] Starting worker process with pid 23714 (type: fileWatcher, window: 1).
2023-04-02 01:08:47.036 [info] Getting Manifest... lefd.sweetdracula-monokai
2023-04-02 01:08:47.173 [info] Installing extension: lefd.sweetdracula-monokai
2023-04-02 01:08:47.554 [info] Extracted extension to /home/dmmt/.vscode-oss/extensions/.37f013ea-aa9e-4dfc-a753-46f3ed48fdf1: lefd.sweetdracula-monokai
2023-04-02 01:08:47.558 [info] Renamed to /home/dmmt/.vscode-oss/extensions/lefd.sweetdracula-monokai-1.1.8-universal
2023-04-02 01:08:47.559 [info] Extracting extension completed. lefd.sweetdracula-monokai
2023-04-02 01:08:47.567 [info] Extension installed successfully: lefd.sweetdracula-monokai
2023-04-02 01:08:48.052 [info] Getting Manifest... bceskavich.theme-dracula-at-night
2023-04-02 01:08:48.107 [info] Installing extension: bceskavich.theme-dracula-at-night
2023-04-02 01:08:48.508 [info] Extracted extension to /home/dmmt/.vscode-oss/extensions/.f43a0c9a-4a4f-45ef-a902-bd7da4f4d8c0: bceskavich.theme-dracula-at-night
2023-04-02 01:08:48.510 [info] Renamed to /home/dmmt/.vscode-oss/extensions/bceskavich.theme-dracula-at-night-2.6.0-universal
2023-04-02 01:08:48.512 [info] Extracting extension completed. bceskavich.theme-dracula-at-night
2023-04-02 01:08:48.518 [info] Extension installed successfully: bceskavich.theme-dracula-at-night
2023-04-02 01:45:53.244 [warning] No ptyHost heartbeat after 6 seconds
