2022-11-28 02:54:50 Loading main app package /usr/lib/obsidian/obsidian.asar
2022-11-28 02:54:50 Checking for update using Github
2022-11-28 02:54:50 Success.
2022-11-28 02:54:50 Latest version is 1.0.3
2022-11-28 02:54:50 App is up to date.
2022-11-28 02:55:28 Loading main app package /usr/lib/obsidian/obsidian.asar
2022-11-28 02:55:28 Checking for update using Github
2022-11-28 02:55:28 Success.
2022-11-28 02:55:28 Latest version is 1.0.3
2022-11-28 02:55:28 App is up to date.
2022-11-28 23:53:59 Checking for update using Github
2023-01-14 05:00:54 Loading main app package /usr/lib/obsidian/obsidian.asar
2023-01-14 05:00:54 Checking for update using Github
2023-01-14 05:00:54 Success.
2023-01-14 05:00:54 Latest version is 1.1.9
2023-01-14 05:00:54 Downloading update from https://github.com/obsidianmd/obsidian-releases/releases/download/v1.1.9/obsidian-1.1.9.asar.gz
2023-01-14 05:00:55 Verifying hash & signature. Size= 5753685
2023-01-14 05:00:55 Saving file
2023-01-14 05:00:55 Update complete.
2023-01-14 17:46:01 Checking for update using Github
2023-01-14 17:46:01 Success.
2023-01-14 17:46:01 Latest version is 1.1.9
2023-01-14 17:46:01 An update is already downloaded.
2023-01-14 18:46:01 Checking for update using Github
2023-01-14 18:46:01 Success.
2023-01-14 18:46:01 Latest version is 1.1.9
2023-01-14 18:46:01 An update is already downloaded.
2023-01-19 02:08:14 Loading main app package /usr/lib/obsidian/obsidian.asar
2023-01-19 02:08:15 Checking for update using Github
2023-01-19 02:08:15 Success.
2023-01-19 02:08:15 Latest version is 1.1.9
2023-01-19 02:08:15 App is up to date.
2023-01-19 16:32:37 Loading main app package /usr/lib/obsidian/obsidian.asar
2023-01-19 16:32:37 Checking for update using Github
2023-01-19 16:32:37 Success.
2023-01-19 16:32:37 Latest version is 1.1.9
2023-01-19 16:32:37 App is up to date.
2023-01-20 18:50:40 Loading main app package /usr/lib/obsidian/obsidian.asar
2023-01-20 18:50:40 Checking for update using Github
2023-01-20 18:50:40 Success.
2023-01-20 18:50:40 Latest version is 1.1.9
2023-01-20 18:50:40 App is up to date.
2023-01-20 19:50:40 Checking for update using Github
2023-01-20 19:50:40 Success.
2023-01-20 19:50:40 Latest version is 1.1.9
2023-01-20 19:50:40 App is up to date.
2023-01-20 20:50:40 Checking for update using Github
2023-01-20 20:50:40 Success.
2023-01-20 20:50:40 Latest version is 1.1.9
2023-01-20 20:50:40 App is up to date.
2023-01-31 03:22:06 Loading main app package /usr/lib/obsidian/obsidian.asar
2023-01-31 03:22:06 Checking for update using Github
2023-01-31 03:22:07 Success.
2023-01-31 03:22:07 Latest version is 1.1.9
2023-01-31 03:22:07 App is up to date.
2023-02-10 19:21:07 Loading main app package /usr/lib/obsidian/obsidian.asar
2023-02-10 19:21:08 Checking for update using Github
2023-02-10 19:21:08 Success.
2023-02-10 19:21:08 Latest version is 1.1.9
2023-02-10 19:21:08 App is up to date.
2023-02-18 23:31:48 Loading main app package /usr/lib/obsidian/obsidian.asar
2023-02-18 23:31:48 Checking for update using Github
2023-02-18 23:31:48 Success.
2023-02-18 23:31:48 Latest version is 1.1.9
2023-02-18 23:31:48 App is up to date.
2023-02-19 00:31:48 Checking for update using Github
2023-02-19 00:31:48 Success.
2023-02-19 00:31:48 Latest version is 1.1.9
2023-02-19 00:31:48 App is up to date.
