2023-03-30 22:32:52.818 [info] Extension host with pid 10217 started
2023-03-30 22:32:52.855 [info] ExtensionService#_doActivateExtension vscode.emmet, startup: false, activationEvent: 'onLanguage'
2023-03-30 22:32:52.856 [info] ExtensionService#_doActivateExtension vscode.git-base, startup: true, activationEvent: '*', root cause: vscode.git
2023-03-30 22:32:52.881 [info] ExtensionService#_doActivateExtension vscode.git, startup: true, activationEvent: '*'
2023-03-30 22:32:52.881 [info] ExtensionService#_doActivateExtension vscode.github, startup: true, activationEvent: '*'
2023-03-30 22:32:52.947 [info] Eager extensions activated
2023-03-30 22:32:52.955 [info] ExtensionService#_doActivateExtension vscode.debug-auto-launch, startup: false, activationEvent: 'onStartupFinished'
2023-03-30 22:32:52.955 [info] ExtensionService#_doActivateExtension vscode.merge-conflict, startup: false, activationEvent: 'onStartupFinished'
2023-03-30 22:32:52.955 [info] ExtensionService#_doActivateExtension dbaeumer.vscode-eslint, startup: false, activationEvent: 'onStartupFinished'
2023-03-30 22:32:52.955 [info] ExtensionService#_doActivateExtension ritwickdey.LiveServer, startup: false, activationEvent: 'onStartupFinished'
2023-03-30 22:33:02.971 [info] ExtensionService#_doActivateExtension vscode.configuration-editing, startup: false, activationEvent: 'onLanguage:jsonc'
2023-03-30 22:33:02.971 [info] ExtensionService#_doActivateExtension vscode.json-language-features, startup: false, activationEvent: 'onLanguage:jsonc'
2023-03-30 22:33:02.971 [info] ExtensionService#_doActivateExtension vscode.typescript-language-features, startup: false, activationEvent: 'onLanguage:jsonc'
2023-03-30 22:46:20.277 [info] ExtensionService#_doActivateExtension vscode.css-language-features, startup: false, activationEvent: 'onLanguage:css'
2023-03-30 22:46:20.277 [info] ExtensionService#_doActivateExtension christian-kohler.npm-intellisense, startup: false, activationEvent: 'onLanguage:javascript'
2023-03-30 22:46:20.277 [info] ExtensionService#_doActivateExtension vscode.extension-editing, startup: false, activationEvent: 'onLanguage:json'
2023-03-30 22:46:20.277 [info] ExtensionService#_doActivateExtension vscode.npm, startup: false, activationEvent: 'onLanguage:json'
2023-03-30 22:46:20.278 [info] ExtensionService#_doActivateExtension eg2.vscode-npm-script, startup: false, activationEvent: 'onLanguage:json'
2023-03-30 22:46:20.278 [info] ExtensionService#_doActivateExtension ms-python.python, startup: false, activationEvent: 'onLanguage:json'
2023-03-30 22:46:20.278 [info] ExtensionService#_doActivateExtension vscode.html-language-features, startup: false, activationEvent: 'onLanguage:html'
2023-03-30 22:51:05.463 [info] Extension host terminating: received terminate message from renderer
2023-03-30 22:51:05.483 [info] Extension host with pid 10217 exiting with code 0
2023-03-30 22:51:06.560 [info] Extension host with pid 11071 started
2023-03-30 22:51:06.560 [info] Skipping acquiring lock for /home/dmmt/.config/VSCodium/User/workspaceStorage/6f29de20c5fafe09a8a0c18d10f3e76c.
2023-03-30 22:51:06.648 [info] ExtensionService#_doActivateExtension vscode.emmet, startup: false, activationEvent: 'onLanguage'
2023-03-30 22:51:06.648 [info] ExtensionService#_doActivateExtension vscode.git-base, startup: true, activationEvent: '*'
2023-03-30 22:51:06.677 [info] ExtensionService#_doActivateExtension vscode.github, startup: true, activationEvent: '*'
2023-03-30 22:51:06.681 [info] Eager extensions activated
2023-03-30 22:51:06.683 [info] ExtensionService#_doActivateExtension vscode.debug-auto-launch, startup: false, activationEvent: 'onStartupFinished'
2023-03-30 22:51:06.683 [info] ExtensionService#_doActivateExtension vscode.merge-conflict, startup: false, activationEvent: 'onStartupFinished'
2023-03-30 22:51:13.415 [info] ExtensionService#_doActivateExtension vscode.git, startup: false, activationEvent: 'api', root cause: vscode.github
2023-03-30 22:51:13.429 [info] ExtensionService#_doActivateExtension dbaeumer.vscode-eslint, startup: false, activationEvent: 'onStartupFinished'
2023-03-30 22:51:13.429 [info] ExtensionService#_doActivateExtension ritwickdey.LiveServer, startup: false, activationEvent: 'onStartupFinished'
2023-03-30 22:52:31.021 [info] ExtensionService#_doActivateExtension LaurentTreguier.vscode-simple-icons, startup: false, activationEvent: '*'
2023-03-30 22:55:29.761 [info] ExtensionService#_doActivateExtension vscode.configuration-editing, startup: false, activationEvent: 'onLanguage:jsonc'
2023-03-30 22:55:29.761 [info] ExtensionService#_doActivateExtension vscode.json-language-features, startup: false, activationEvent: 'onLanguage:jsonc'
2023-03-30 22:55:29.762 [info] ExtensionService#_doActivateExtension vscode.typescript-language-features, startup: false, activationEvent: 'onLanguage:jsonc'
2023-03-30 22:58:08.513 [info] ExtensionService#_doActivateExtension vscode.ipynb, startup: false, activationEvent: 'onNotebookSerializer:jupyter-notebook'
2023-03-30 22:58:08.575 [info] ExtensionService#_doActivateExtension ms-toolsai.jupyter, startup: false, activationEvent: 'onNotebook:jupyter-notebook'
2023-03-30 22:58:08.575 [info] ExtensionService#_doActivateExtension ms-toolsai.jupyter-renderers, startup: false, activationEvent: 'onNotebook:*'
2023-03-30 22:58:09.036 [info] ExtensionService#_doActivateExtension ms-python.python, startup: false, activationEvent: 'api', root cause: ms-toolsai.jupyter
2023-04-01 14:57:03.450 [info] Extension host terminating: received terminate message from renderer
2023-04-01 14:57:03.477 [error] Canceled: Canceled
	at new l (/opt/vscodium-bin/resources/app/out/vs/workbench/api/node/extensionHostProcess.js:96:93459)
	at a._remoteCall (/opt/vscodium-bin/resources/app/out/vs/workbench/api/node/extensionHostProcess.js:106:13753)
	at H.<computed>.X.charCodeAt.H.<computed> (/opt/vscodium-bin/resources/app/out/vs/workbench/api/node/extensionHostProcess.js:106:10308)
	at c._doExecuteCommand (/opt/vscodium-bin/resources/app/out/vs/workbench/api/node/extensionHostProcess.js:96:113673)
	at c.executeCommand (/opt/vscodium-bin/resources/app/out/vs/workbench/api/node/extensionHostProcess.js:96:112984)
	at O.registerCommand.description (/opt/vscodium-bin/resources/app/out/vs/workbench/api/node/extensionHostProcess.js:96:112211)
	at c._executeContributedCommand (/opt/vscodium-bin/resources/app/out/vs/workbench/api/node/extensionHostProcess.js:96:114308)
	at c._doExecuteCommand (/opt/vscodium-bin/resources/app/out/vs/workbench/api/node/extensionHostProcess.js:96:113124)
	at c.executeCommand (/opt/vscodium-bin/resources/app/out/vs/workbench/api/node/extensionHostProcess.js:96:112984)
	at Object.executeCommand (/opt/vscodium-bin/resources/app/out/vs/workbench/api/node/extensionHostProcess.js:117:33767)
	at D (/opt/vscodium-bin/resources/app/extensions/git/dist/main.js:2:1467076)
	at f.invoke (/opt/vscodium-bin/resources/app/out/vs/workbench/api/node/extensionHostProcess.js:63:145)
	at m.deliver (/opt/vscodium-bin/resources/app/out/vs/workbench/api/node/extensionHostProcess.js:63:2603)
	at d.fire (/opt/vscodium-bin/resources/app/out/vs/workbench/api/node/extensionHostProcess.js:63:2181)
	at Object.m [as dispose] (/opt/vscodium-bin/resources/app/extensions/git/dist/main.js:2:1481805)
	at /opt/vscodium-bin/resources/app/extensions/git/dist/main.js:2:1485872
	at Array.forEach (<anonymous>)
	at g.dispose (/opt/vscodium-bin/resources/app/extensions/git/dist/main.js:2:1485858)
	at D.<anonymous> (/opt/vscodium-bin/resources/app/out/vs/workbench/api/node/extensionHostProcess.js:94:13686)
	at D.dispose (/opt/vscodium-bin/resources/app/out/vs/workbench/api/node/extensionHostProcess.js:94:13821)
	at D.<anonymous> (/opt/vscodium-bin/resources/app/extensions/git/dist/main.js:2:1469206)
	at D.dispose (/opt/vscodium-bin/resources/app/out/vs/workbench/api/node/extensionHostProcess.js:94:13821)
	at I (/opt/vscodium-bin/resources/app/out/vs/workbench/api/node/extensionHostProcess.js:10:12142)
	at f._deactivate (/opt/vscodium-bin/resources/app/out/vs/workbench/api/node/extensionHostProcess.js:108:13240)
	at /opt/vscodium-bin/resources/app/out/vs/workbench/api/node/extensionHostProcess.js:108:10423
	at Array.map (<anonymous>)
	at f._deactivateAll (/opt/vscodium-bin/resources/app/out/vs/workbench/api/node/extensionHostProcess.js:108:10410)
	at f.terminate (/opt/vscodium-bin/resources/app/out/vs/workbench/api/node/extensionHostProcess.js:108:10793)
	at u.terminate (/opt/vscodium-bin/resources/app/out/vs/workbench/api/node/extensionHostProcess.js:112:1565)
	at p (/opt/vscodium-bin/resources/app/out/vs/workbench/api/node/extensionHostProcess.js:122:19815)
	at /opt/vscodium-bin/resources/app/out/vs/workbench/api/node/extensionHostProcess.js:122:17705
	at f.invoke (/opt/vscodium-bin/resources/app/out/vs/workbench/api/node/extensionHostProcess.js:63:145)
	at m.deliver (/opt/vscodium-bin/resources/app/out/vs/workbench/api/node/extensionHostProcess.js:63:2603)
	at d.fire (/opt/vscodium-bin/resources/app/out/vs/workbench/api/node/extensionHostProcess.js:63:2181)
	at p.fire (/opt/vscodium-bin/resources/app/out/vs/workbench/api/node/extensionHostProcess.js:72:17112)
	at t._receiveMessage (/opt/vscodium-bin/resources/app/out/vs/workbench/api/node/extensionHostProcess.js:72:23608)
	at /opt/vscodium-bin/resources/app/out/vs/workbench/api/node/extensionHostProcess.js:72:20047
	at f.invoke (/opt/vscodium-bin/resources/app/out/vs/workbench/api/node/extensionHostProcess.js:63:145)
	at m.deliver (/opt/vscodium-bin/resources/app/out/vs/workbench/api/node/extensionHostProcess.js:63:2603)
	at d.fire (/opt/vscodium-bin/resources/app/out/vs/workbench/api/node/extensionHostProcess.js:63:2181)
	at u.acceptChunk (/opt/vscodium-bin/resources/app/out/vs/workbench/api/node/extensionHostProcess.js:72:13936)
	at /opt/vscodium-bin/resources/app/out/vs/workbench/api/node/extensionHostProcess.js:72:13066
	at Socket.t (/opt/vscodium-bin/resources/app/out/vs/workbench/api/node/extensionHostProcess.js:72:28802)
	at Socket.emit (node:events:526:28)
	at addChunk (node:internal/streams/readable:315:12)
	at readableAddChunk (node:internal/streams/readable:289:9)
	at Readable.push (node:internal/streams/readable:228:10)
	at Pipe.onStreamRead (node:internal/stream_base_commons:190:23) setContext undefined
2023-04-01 14:57:03.480 [info] Extension host with pid 11071 exiting with code 0
2023-04-01 14:57:04.729 [info] Extension host with pid 23410 started
2023-04-01 14:57:04.729 [info] Skipping acquiring lock for /home/dmmt/.config/VSCodium/User/workspaceStorage/a526199eed8d41994fa9debc7ec1488f.
2023-04-01 14:57:04.765 [info] ExtensionService#_doActivateExtension vscode.emmet, startup: false, activationEvent: 'onLanguage'
2023-04-01 14:57:04.766 [info] ExtensionService#_doActivateExtension vscode.git-base, startup: true, activationEvent: '*'
2023-04-01 14:57:04.831 [info] ExtensionService#_doActivateExtension vscode.github, startup: true, activationEvent: '*'
2023-04-01 14:57:04.881 [info] Eager extensions activated
2023-04-01 14:57:04.883 [info] ExtensionService#_doActivateExtension vscode.debug-auto-launch, startup: false, activationEvent: 'onStartupFinished'
2023-04-01 14:57:04.883 [info] ExtensionService#_doActivateExtension vscode.merge-conflict, startup: false, activationEvent: 'onStartupFinished'
2023-04-01 14:57:06.925 [info] ExtensionService#_doActivateExtension vscode.git, startup: false, activationEvent: 'api', root cause: vscode.github
2023-04-01 14:57:06.942 [info] ExtensionService#_doActivateExtension dbaeumer.vscode-eslint, startup: false, activationEvent: 'onStartupFinished'
2023-04-01 14:57:06.943 [info] ExtensionService#_doActivateExtension LaurentTreguier.vscode-simple-icons, startup: false, activationEvent: '*'
2023-04-01 14:57:06.943 [info] ExtensionService#_doActivateExtension ritwickdey.LiveServer, startup: false, activationEvent: 'onStartupFinished'
2023-04-01 14:57:25.201 [info] ExtensionService#_doActivateExtension vscode.extension-editing, startup: false, activationEvent: 'onLanguage:markdown'
2023-04-01 14:57:25.202 [info] ExtensionService#_doActivateExtension vscode.markdown-language-features, startup: false, activationEvent: 'onLanguage:markdown'
2023-04-01 14:57:25.202 [info] ExtensionService#_doActivateExtension zaaack.markdown-editor, startup: false, activationEvent: 'onLanguage:markdown'
2023-04-01 14:57:25.632 [info] ExtensionService#_doActivateExtension vscode.markdown-math, startup: false, activationEvent: 'api', root cause: vscode.markdown-language-features
2023-04-01 20:29:40.983 [info] Extension host terminating: received terminate message from renderer
2023-04-01 20:29:40.995 [info] Extension host with pid 23410 exiting with code 0
2023-04-01 20:29:42.110 [info] Extension host with pid 23643 started
2023-04-01 20:29:42.110 [info] Skipping acquiring lock for /home/dmmt/.config/VSCodium/User/workspaceStorage/6f29de20c5fafe09a8a0c18d10f3e76c.
2023-04-01 20:29:42.148 [info] ExtensionService#_doActivateExtension vscode.ipynb, startup: false, activationEvent: 'onNotebookSerializer:jupyter-notebook'
2023-04-01 20:29:42.149 [info] ExtensionService#_doActivateExtension vscode.emmet, startup: false, activationEvent: 'onLanguage'
2023-04-01 20:29:42.149 [info] ExtensionService#_doActivateExtension vscode.git-base, startup: true, activationEvent: '*', root cause: vscode.git
2023-04-01 20:29:42.149 [info] ExtensionService#_doActivateExtension LaurentTreguier.vscode-simple-icons, startup: true, activationEvent: '*'
2023-04-01 20:29:42.183 [info] ExtensionService#_doActivateExtension vscode.git, startup: true, activationEvent: '*'
2023-04-01 20:29:42.183 [info] ExtensionService#_doActivateExtension vscode.github, startup: true, activationEvent: '*'
2023-04-01 20:29:42.217 [info] Eager extensions activated
2023-04-01 20:29:42.247 [info] ExtensionService#_doActivateExtension vscode.debug-auto-launch, startup: false, activationEvent: 'onStartupFinished'
2023-04-01 20:29:42.248 [info] ExtensionService#_doActivateExtension vscode.merge-conflict, startup: false, activationEvent: 'onStartupFinished'
2023-04-01 20:29:42.248 [info] ExtensionService#_doActivateExtension dbaeumer.vscode-eslint, startup: false, activationEvent: 'onStartupFinished'
2023-04-01 20:29:42.248 [info] ExtensionService#_doActivateExtension ritwickdey.LiveServer, startup: false, activationEvent: 'onStartupFinished'
2023-04-01 20:29:42.269 [info] ExtensionService#_doActivateExtension ms-toolsai.jupyter, startup: false, activationEvent: 'onNotebook:jupyter-notebook'
2023-04-01 20:29:42.269 [info] ExtensionService#_doActivateExtension ms-toolsai.jupyter-renderers, startup: false, activationEvent: 'onNotebook:*'
2023-04-01 20:29:42.717 [info] ExtensionService#_doActivateExtension ms-python.python, startup: false, activationEvent: 'api', root cause: ms-toolsai.jupyter
2023-04-01 20:31:00.620 [info] ExtensionService#_doActivateExtension vscode.extension-editing, startup: false, activationEvent: 'onLanguage:markdown'
2023-04-01 20:31:00.621 [info] ExtensionService#_doActivateExtension vscode.markdown-language-features, startup: false, activationEvent: 'onLanguage:markdown'
2023-04-01 20:31:00.621 [info] ExtensionService#_doActivateExtension zaaack.markdown-editor, startup: false, activationEvent: 'onLanguage:markdown'
2023-04-01 20:31:01.028 [info] ExtensionService#_doActivateExtension vscode.markdown-math, startup: false, activationEvent: 'api', root cause: vscode.markdown-language-features
2023-04-02 01:08:07.529 [info] ExtensionService#_doActivateExtension vscode.configuration-editing, startup: false, activationEvent: 'onLanguage:jsonc'
2023-04-02 01:08:07.529 [info] ExtensionService#_doActivateExtension vscode.json-language-features, startup: false, activationEvent: 'onLanguage:jsonc'
2023-04-02 01:08:07.529 [info] ExtensionService#_doActivateExtension vscode.typescript-language-features, startup: false, activationEvent: 'onLanguage:jsonc'
